[ 2013-08-01T16:27:04+08:00 ] 10.96.60.82 /work/index.php
INFO: [ app_begin ] --START--
INFO: ReadHtmlCache Behavior ::run [ RunTime:0.000406s ]
INFO: [ app_begin ] --END-- [ RunTime:0.000483s ]
INFO: [ view_parse ] --START--
INFO: ParseTemplate Behavior ::run [ RunTime:0.000546s ]
INFO: [ view_parse ] --END-- [ RunTime:0.000614s ]
INFO: [ view_filter ] --START--
NOTIC: [8] Use of undefined constant APP_TMPL_PATH - assumed 'APP_TMPL_PATH' /home/wwwroot/default/work/ThinkPHP/Lib/Behavior/ContentReplaceBehavior.class.php 第 40 行.
NOTIC: [8] Use of undefined constant APP_TMPL_PATH - assumed 'APP_TMPL_PATH' /home/wwwroot/default/work/ThinkPHP/Lib/Behavior/ContentReplaceBehavior.class.php 第 47 行.
INFO: ContentReplace Behavior ::run [ RunTime:0.000292s ]
INFO: TokenBuild Behavior ::run [ RunTime:0.000249s ]
INFO: WriteHtmlCache Behavior ::run [ RunTime:0.000160s ]
INFO: ShowRuntime Behavior ::run [ RunTime:0.000313s ]
INFO: [ view_filter ] --END-- [ RunTime:0.001184s ]
INFO: [ view_end ] --START--
INFO: ShowPageTrace Behavior ::run [ RunTime:0.000431s ]
INFO: [ view_end ] --END-- [ RunTime:0.000489s ]

[ 2013-08-01T16:27:06+08:00 ] 10.96.60.82 /work/index.php
INFO: [ app_begin ] --START--
INFO: ReadHtmlCache Behavior ::run [ RunTime:0.000382s ]
INFO: [ app_begin ] --END-- [ RunTime:0.000460s ]
INFO: [ view_parse ] --START--
INFO: ParseTemplate Behavior ::run [ RunTime:0.000545s ]
INFO: [ view_parse ] --END-- [ RunTime:0.000612s ]
INFO: [ view_filter ] --START--
NOTIC: [8] Use of undefined constant APP_TMPL_PATH - assumed 'APP_TMPL_PATH' /home/wwwroot/default/work/ThinkPHP/Lib/Behavior/ContentReplaceBehavior.class.php 第 40 行.
NOTIC: [8] Use of undefined constant APP_TMPL_PATH - assumed 'APP_TMPL_PATH' /home/wwwroot/default/work/ThinkPHP/Lib/Behavior/ContentReplaceBehavior.class.php 第 47 行.
INFO: ContentReplace Behavior ::run [ RunTime:0.000289s ]
INFO: TokenBuild Behavior ::run [ RunTime:0.000248s ]
INFO: WriteHtmlCache Behavior ::run [ RunTime:0.000165s ]
INFO: ShowRuntime Behavior ::run [ RunTime:0.000313s ]
INFO: [ view_filter ] --END-- [ RunTime:0.001184s ]
INFO: [ view_end ] --START--
INFO: ShowPageTrace Behavior ::run [ RunTime:0.000425s ]
INFO: [ view_end ] --END-- [ RunTime:0.000481s ]

[ 2013-08-01T16:27:07+08:00 ] 10.96.60.82 /work/index.php
INFO: [ app_begin ] --START--
INFO: ReadHtmlCache Behavior ::run [ RunTime:0.000381s ]
INFO: [ app_begin ] --END-- [ RunTime:0.000458s ]
INFO: [ view_parse ] --START--
INFO: ParseTemplate Behavior ::run [ RunTime:0.000544s ]
INFO: [ view_parse ] --END-- [ RunTime:0.000611s ]
INFO: [ view_filter ] --START--
NOTIC: [8] Use of undefined constant APP_TMPL_PATH - assumed 'APP_TMPL_PATH' /home/wwwroot/default/work/ThinkPHP/Lib/Behavior/ContentReplaceBehavior.class.php 第 40 行.
NOTIC: [8] Use of undefined constant APP_TMPL_PATH - assumed 'APP_TMPL_PATH' /home/wwwroot/default/work/ThinkPHP/Lib/Behavior/ContentReplaceBehavior.class.php 第 47 行.
INFO: ContentReplace Behavior ::run [ RunTime:0.000289s ]
INFO: TokenBuild Behavior ::run [ RunTime:0.000251s ]
INFO: WriteHtmlCache Behavior ::run [ RunTime:0.000159s ]
INFO: ShowRuntime Behavior ::run [ RunTime:0.000138s ]
INFO: [ view_filter ] --END-- [ RunTime:0.000966s ]
INFO: [ view_end ] --START--
INFO: ShowPageTrace Behavior ::run [ RunTime:0.000188s ]
INFO: [ view_end ] --END-- [ RunTime:0.000213s ]

[ 2013-08-01T16:27:07+08:00 ] 10.96.60.82 /work/index.php
INFO: [ app_begin ] --START--
INFO: ReadHtmlCache Behavior ::run [ RunTime:0.000396s ]
INFO: [ app_begin ] --END-- [ RunTime:0.000473s ]
INFO: [ view_parse ] --START--
INFO: ParseTemplate Behavior ::run [ RunTime:0.000549s ]
INFO: [ view_parse ] --END-- [ RunTime:0.000616s ]
INFO: [ view_filter ] --START--
NOTIC: [8] Use of undefined constant APP_TMPL_PATH - assumed 'APP_TMPL_PATH' /home/wwwroot/default/work/ThinkPHP/Lib/Behavior/ContentReplaceBehavior.class.php 第 40 行.
NOTIC: [8] Use of undefined constant APP_TMPL_PATH - assumed 'APP_TMPL_PATH' /home/wwwroot/default/work/ThinkPHP/Lib/Behavior/ContentReplaceBehavior.class.php 第 47 行.
INFO: ContentReplace Behavior ::run [ RunTime:0.000291s ]
INFO: TokenBuild Behavior ::run [ RunTime:0.000253s ]
INFO: WriteHtmlCache Behavior ::run [ RunTime:0.000161s ]
INFO: ShowRuntime Behavior ::run [ RunTime:0.000315s ]
INFO: [ view_filter ] --END-- [ RunTime:0.001192s ]
INFO: [ view_end ] --START--
INFO: ShowPageTrace Behavior ::run [ RunTime:0.000429s ]
INFO: [ view_end ] --END-- [ RunTime:0.000487s ]

[ 2013-08-01T16:29:21+08:00 ] 10.96.60.82 /work/index.php
INFO: [ app_begin ] --START--
INFO: ReadHtmlCache Behavior ::run [ RunTime:0.000384s ]
INFO: [ app_begin ] --END-- [ RunTime:0.000461s ]
INFO: [ view_parse ] --START--
INFO: ParseTemplate Behavior ::run [ RunTime:0.000548s ]
INFO: [ view_parse ] --END-- [ RunTime:0.000616s ]
INFO: [ view_filter ] --START--
NOTIC: [8] Use of undefined constant APP_TMPL_PATH - assumed 'APP_TMPL_PATH' /home/wwwroot/default/work/ThinkPHP/Lib/Behavior/ContentReplaceBehavior.class.php 第 40 行.
NOTIC: [8] Use of undefined constant APP_TMPL_PATH - assumed 'APP_TMPL_PATH' /home/wwwroot/default/work/ThinkPHP/Lib/Behavior/ContentReplaceBehavior.class.php 第 47 行.
INFO: ContentReplace Behavior ::run [ RunTime:0.000286s ]
INFO: TokenBuild Behavior ::run [ RunTime:0.000247s ]
INFO: WriteHtmlCache Behavior ::run [ RunTime:0.000155s ]
INFO: ShowRuntime Behavior ::run [ RunTime:0.000314s ]
INFO: [ view_filter ] --END-- [ RunTime:0.001171s ]
INFO: [ view_end ] --START--
INFO: ShowPageTrace Behavior ::run [ RunTime:0.000424s ]
INFO: [ view_end ] --END-- [ RunTime:0.000503s ]

[ 2013-08-01T16:34:21+08:00 ] 10.96.60.82 /work/index.php
INFO: [ app_begin ] --START--
INFO: ReadHtmlCache Behavior ::run [ RunTime:0.000384s ]
INFO: [ app_begin ] --END-- [ RunTime:0.000463s ]
INFO: [ view_parse ] --START--
INFO: ParseTemplate Behavior ::run [ RunTime:0.000546s ]
INFO: [ view_parse ] --END-- [ RunTime:0.000615s ]
INFO: [ view_filter ] --START--
NOTIC: [8] Use of undefined constant APP_TMPL_PATH - assumed 'APP_TMPL_PATH' /home/wwwroot/default/work/ThinkPHP/Lib/Behavior/ContentReplaceBehavior.class.php 第 40 行.
NOTIC: [8] Use of undefined constant APP_TMPL_PATH - assumed 'APP_TMPL_PATH' /home/wwwroot/default/work/ThinkPHP/Lib/Behavior/ContentReplaceBehavior.class.php 第 47 行.
INFO: ContentReplace Behavior ::run [ RunTime:0.000286s ]
INFO: TokenBuild Behavior ::run [ RunTime:0.000248s ]
INFO: WriteHtmlCache Behavior ::run [ RunTime:0.000156s ]
INFO: ShowRuntime Behavior ::run [ RunTime:0.000311s ]
INFO: [ view_filter ] --END-- [ RunTime:0.001171s ]
INFO: [ view_end ] --START--
INFO: ShowPageTrace Behavior ::run [ RunTime:0.000450s ]
INFO: [ view_end ] --END-- [ RunTime:0.000507s ]

[ 2013-08-01T16:35:05+08:00 ] 127.0.0.1 /work/
INFO: [ app_begin ] --START--
INFO: ReadHtmlCache Behavior ::run [ RunTime:0.000228s ]
INFO: [ app_begin ] --END-- [ RunTime:0.000285s ]
INFO: [ view_parse ] --START--
INFO: ParseTemplate Behavior ::run [ RunTime:0.000283s ]
INFO: [ view_parse ] --END-- [ RunTime:0.000321s ]
INFO: [ view_filter ] --START--
NOTIC: [8] Use of undefined constant APP_TMPL_PATH - assumed 'APP_TMPL_PATH' /home/wwwroot/default/work/ThinkPHP/Lib/Behavior/ContentReplaceBehavior.class.php 第 40 行.
NOTIC: [8] Use of undefined constant APP_TMPL_PATH - assumed 'APP_TMPL_PATH' /home/wwwroot/default/work/ThinkPHP/Lib/Behavior/ContentReplaceBehavior.class.php 第 47 行.
INFO: ContentReplace Behavior ::run [ RunTime:0.000146s ]
INFO: TokenBuild Behavior ::run [ RunTime:0.000120s ]
INFO: WriteHtmlCache Behavior ::run [ RunTime:0.000075s ]
INFO: ShowRuntime Behavior ::run [ RunTime:0.000153s ]
INFO: [ view_filter ] --END-- [ RunTime:0.000576s ]
INFO: [ view_end ] --START--
INFO: ShowPageTrace Behavior ::run [ RunTime:0.000209s ]
INFO: [ view_end ] --END-- [ RunTime:0.000238s ]

[ 2013-08-01T16:35:11+08:00 ] 127.0.0.1 /work/index.php
INFO: [ app_begin ] --START--
INFO: ReadHtmlCache Behavior ::run [ RunTime:0.000384s ]
INFO: [ app_begin ] --END-- [ RunTime:0.000468s ]
INFO: [ view_parse ] --START--
INFO: ParseTemplate Behavior ::run [ RunTime:0.000550s ]
INFO: [ view_parse ] --END-- [ RunTime:0.000618s ]
INFO: [ view_filter ] --START--
NOTIC: [8] Use of undefined constant APP_TMPL_PATH - assumed 'APP_TMPL_PATH' /home/wwwroot/default/work/ThinkPHP/Lib/Behavior/ContentReplaceBehavior.class.php 第 40 行.
NOTIC: [8] Use of undefined constant APP_TMPL_PATH - assumed 'APP_TMPL_PATH' /home/wwwroot/default/work/ThinkPHP/Lib/Behavior/ContentReplaceBehavior.class.php 第 47 行.
INFO: ContentReplace Behavior ::run [ RunTime:0.000281s ]
INFO: TokenBuild Behavior ::run [ RunTime:0.000244s ]
INFO: WriteHtmlCache Behavior ::run [ RunTime:0.000153s ]
INFO: ShowRuntime Behavior ::run [ RunTime:0.000309s ]
INFO: [ view_filter ] --END-- [ RunTime:0.001185s ]
INFO: [ view_end ] --START--
INFO: ShowPageTrace Behavior ::run [ RunTime:0.000207s ]
INFO: [ view_end ] --END-- [ RunTime:0.000252s ]

[ 2013-08-01T16:35:27+08:00 ] 127.0.0.1 /work/index.php
INFO: [ app_begin ] --START--
INFO: ReadHtmlCache Behavior ::run [ RunTime:0.000313s ]
INFO: [ app_begin ] --END-- [ RunTime:0.000374s ]
INFO: [ view_parse ] --START--
INFO: ParseTemplate Behavior ::run [ RunTime:0.000275s ]
INFO: [ view_parse ] --END-- [ RunTime:0.000310s ]
INFO: [ view_filter ] --START--
NOTIC: [8] Use of undefined constant APP_TMPL_PATH - assumed 'APP_TMPL_PATH' /home/wwwroot/default/work/ThinkPHP/Lib/Behavior/ContentReplaceBehavior.class.php 第 40 行.
NOTIC: [8] Use of undefined constant APP_TMPL_PATH - assumed 'APP_TMPL_PATH' /home/wwwroot/default/work/ThinkPHP/Lib/Behavior/ContentReplaceBehavior.class.php 第 47 行.
INFO: ContentReplace Behavior ::run [ RunTime:0.000140s ]
INFO: TokenBuild Behavior ::run [ RunTime:0.000140s ]
INFO: WriteHtmlCache Behavior ::run [ RunTime:0.000085s ]
INFO: ShowRuntime Behavior ::run [ RunTime:0.000175s ]
INFO: [ view_filter ] --END-- [ RunTime:0.000619s ]
INFO: [ view_end ] --START--
INFO: ShowPageTrace Behavior ::run [ RunTime:0.000239s ]
INFO: [ view_end ] --END-- [ RunTime:0.000266s ]

[ 2013-08-01T16:36:24+08:00 ] 127.0.0.1 /work/
INFO: [ app_begin ] --START--
INFO: ReadHtmlCache Behavior ::run [ RunTime:0.000203s ]
INFO: [ app_begin ] --END-- [ RunTime:0.000250s ]
INFO: [ view_parse ] --START--
INFO: ParseTemplate Behavior ::run [ RunTime:0.000264s ]
INFO: [ view_parse ] --END-- [ RunTime:0.000296s ]
INFO: [ view_filter ] --START--
NOTIC: [8] Use of undefined constant APP_TMPL_PATH - assumed 'APP_TMPL_PATH' /home/wwwroot/default/work/ThinkPHP/Lib/Behavior/ContentReplaceBehavior.class.php 第 40 行.
NOTIC: [8] Use of undefined constant APP_TMPL_PATH - assumed 'APP_TMPL_PATH' /home/wwwroot/default/work/ThinkPHP/Lib/Behavior/ContentReplaceBehavior.class.php 第 47 行.
INFO: ContentReplace Behavior ::run [ RunTime:0.000140s ]
INFO: TokenBuild Behavior ::run [ RunTime:0.000117s ]
INFO: WriteHtmlCache Behavior ::run [ RunTime:0.000075s ]
INFO: ShowRuntime Behavior ::run [ RunTime:0.000150s ]
INFO: [ view_filter ] --END-- [ RunTime:0.000571s ]
INFO: [ view_end ] --START--
INFO: ShowPageTrace Behavior ::run [ RunTime:0.000210s ]
INFO: [ view_end ] --END-- [ RunTime:0.000237s ]

[ 2013-08-01T16:36:27+08:00 ] 127.0.0.1 /work//index.php
INFO: [ app_begin ] --START--
INFO: ReadHtmlCache Behavior ::run [ RunTime:0.000217s ]
INFO: [ app_begin ] --END-- [ RunTime:0.000262s ]
INFO: [ view_parse ] --START--
INFO: ParseTemplate Behavior ::run [ RunTime:0.000266s ]
INFO: [ view_parse ] --END-- [ RunTime:0.000298s ]
INFO: [ view_filter ] --START--
NOTIC: [8] Use of undefined constant APP_TMPL_PATH - assumed 'APP_TMPL_PATH' /home/wwwroot/default/work/ThinkPHP/Lib/Behavior/ContentReplaceBehavior.class.php 第 40 行.
NOTIC: [8] Use of undefined constant APP_TMPL_PATH - assumed 'APP_TMPL_PATH' /home/wwwroot/default/work/ThinkPHP/Lib/Behavior/ContentReplaceBehavior.class.php 第 47 行.
INFO: ContentReplace Behavior ::run [ RunTime:0.000175s ]
INFO: TokenBuild Behavior ::run [ RunTime:0.000136s ]
INFO: WriteHtmlCache Behavior ::run [ RunTime:0.000082s ]
INFO: ShowRuntime Behavior ::run [ RunTime:0.000150s ]
INFO: [ view_filter ] --END-- [ RunTime:0.000623s ]
INFO: [ view_end ] --START--
INFO: ShowPageTrace Behavior ::run [ RunTime:0.000210s ]
INFO: [ view_end ] --END-- [ RunTime:0.000237s ]

[ 2013-08-01T16:36:53+08:00 ] 127.0.0.1 /work/index.php
INFO: [ app_begin ] --START--
INFO: ReadHtmlCache Behavior ::run [ RunTime:0.000400s ]
INFO: [ app_begin ] --END-- [ RunTime:0.000485s ]
INFO: [ view_parse ] --START--
INFO: ParseTemplate Behavior ::run [ RunTime:0.000566s ]
INFO: [ view_parse ] --END-- [ RunTime:0.000635s ]
INFO: [ view_filter ] --START--
NOTIC: [8] Use of undefined constant APP_TMPL_PATH - assumed 'APP_TMPL_PATH' /home/wwwroot/default/work/ThinkPHP/Lib/Behavior/ContentReplaceBehavior.class.php 第 40 行.
NOTIC: [8] Use of undefined constant APP_TMPL_PATH - assumed 'APP_TMPL_PATH' /home/wwwroot/default/work/ThinkPHP/Lib/Behavior/ContentReplaceBehavior.class.php 第 47 行.
INFO: ContentReplace Behavior ::run [ RunTime:0.000289s ]
INFO: TokenBuild Behavior ::run [ RunTime:0.000250s ]
INFO: WriteHtmlCache Behavior ::run [ RunTime:0.000156s ]
INFO: ShowRuntime Behavior ::run [ RunTime:0.000312s ]
INFO: [ view_filter ] --END-- [ RunTime:0.001178s ]
INFO: [ view_end ] --START--
INFO: ShowPageTrace Behavior ::run [ RunTime:0.000441s ]
INFO: [ view_end ] --END-- [ RunTime:0.000500s ]

[ 2013-08-01T16:39:07+08:00 ] 127.0.0.1 /work/
INFO: [ app_begin ] --START--
INFO: ReadHtmlCache Behavior ::run [ RunTime:0.000196s ]
INFO: [ app_begin ] --END-- [ RunTime:0.000243s ]
INFO: [ view_parse ] --START--
INFO: ParseTemplate Behavior ::run [ RunTime:0.000268s ]
INFO: [ view_parse ] --END-- [ RunTime:0.000301s ]
INFO: [ view_filter ] --START--
NOTIC: [8] Use of undefined constant APP_TMPL_PATH - assumed 'APP_TMPL_PATH' /home/wwwroot/default/work/ThinkPHP/Lib/Behavior/ContentReplaceBehavior.class.php 第 40 行.
NOTIC: [8] Use of undefined constant APP_TMPL_PATH - assumed 'APP_TMPL_PATH' /home/wwwroot/default/work/ThinkPHP/Lib/Behavior/ContentReplaceBehavior.class.php 第 47 行.
INFO: ContentReplace Behavior ::run [ RunTime:0.000142s ]
INFO: TokenBuild Behavior ::run [ RunTime:0.000120s ]
INFO: WriteHtmlCache Behavior ::run [ RunTime:0.000074s ]
INFO: ShowRuntime Behavior ::run [ RunTime:0.000154s ]
INFO: [ view_filter ] --END-- [ RunTime:0.000572s ]
INFO: [ view_end ] --START--
INFO: ShowPageTrace Behavior ::run [ RunTime:0.000208s ]
INFO: [ view_end ] --END-- [ RunTime:0.000236s ]

[ 2013-08-01T16:42:18+08:00 ] 127.0.0.1 /work/index.php
INFO: [ app_begin ] --START--
INFO: ReadHtmlCache Behavior ::run [ RunTime:0.000199s ]
INFO: [ app_begin ] --END-- [ RunTime:0.000248s ]
INFO: [ view_parse ] --START--
INFO: ParseTemplate Behavior ::run [ RunTime:0.000327s ]
INFO: [ view_parse ] --END-- [ RunTime:0.000379s ]
INFO: [ view_filter ] --START--
NOTIC: [8] Use of undefined constant APP_TMPL_PATH - assumed 'APP_TMPL_PATH' /home/wwwroot/default/work/ThinkPHP/Lib/Behavior/ContentReplaceBehavior.class.php 第 40 行.
NOTIC: [8] Use of undefined constant APP_TMPL_PATH - assumed 'APP_TMPL_PATH' /home/wwwroot/default/work/ThinkPHP/Lib/Behavior/ContentReplaceBehavior.class.php 第 47 行.
INFO: ContentReplace Behavior ::run [ RunTime:0.000188s ]
INFO: TokenBuild Behavior ::run [ RunTime:0.000145s ]
INFO: WriteHtmlCache Behavior ::run [ RunTime:0.000095s ]
INFO: ShowRuntime Behavior ::run [ RunTime:0.000188s ]
INFO: [ view_filter ] --END-- [ RunTime:0.000709s ]
INFO: [ view_end ] --START--
INFO: ShowPageTrace Behavior ::run [ RunTime:0.000274s ]
INFO: [ view_end ] --END-- [ RunTime:0.000312s ]

[ 2013-08-01T16:42:43+08:00 ] 127.0.0.1 /work/index.php?/Index/index
INFO: [ app_begin ] --START--
INFO: ReadHtmlCache Behavior ::run [ RunTime:0.000393s ]
INFO: [ app_begin ] --END-- [ RunTime:0.000477s ]
INFO: [ view_parse ] --START--
INFO: ParseTemplate Behavior ::run [ RunTime:0.000555s ]
INFO: [ view_parse ] --END-- [ RunTime:0.000627s ]
INFO: [ view_filter ] --START--
NOTIC: [8] Use of undefined constant APP_TMPL_PATH - assumed 'APP_TMPL_PATH' /home/wwwroot/default/work/ThinkPHP/Lib/Behavior/ContentReplaceBehavior.class.php 第 40 行.
NOTIC: [8] Use of undefined constant APP_TMPL_PATH - assumed 'APP_TMPL_PATH' /home/wwwroot/default/work/ThinkPHP/Lib/Behavior/ContentReplaceBehavior.class.php 第 47 行.
INFO: ContentReplace Behavior ::run [ RunTime:0.000285s ]
INFO: TokenBuild Behavior ::run [ RunTime:0.000248s ]
INFO: WriteHtmlCache Behavior ::run [ RunTime:0.000154s ]
INFO: ShowRuntime Behavior ::run [ RunTime:0.000324s ]
INFO: [ view_filter ] --END-- [ RunTime:0.001182s ]
INFO: [ view_end ] --START--
INFO: ShowPageTrace Behavior ::run [ RunTime:0.000432s ]
INFO: [ view_end ] --END-- [ RunTime:0.000490s ]

[ 2013-08-01T16:43:30+08:00 ] 127.0.0.1 /work/index.php?/Index/index
INFO: [ app_begin ] --START--
INFO: ReadHtmlCache Behavior ::run [ RunTime:0.000204s ]
INFO: [ app_begin ] --END-- [ RunTime:0.000254s ]
INFO: [ view_parse ] --START--
INFO: ParseTemplate Behavior ::run [ RunTime:0.000291s ]
INFO: [ view_parse ] --END-- [ RunTime:0.000333s ]
INFO: [ view_filter ] --START--
NOTIC: [8] Use of undefined constant APP_TMPL_PATH - assumed 'APP_TMPL_PATH' /home/wwwroot/default/work/ThinkPHP/Lib/Behavior/ContentReplaceBehavior.class.php 第 40 行.
NOTIC: [8] Use of undefined constant APP_TMPL_PATH - assumed 'APP_TMPL_PATH' /home/wwwroot/default/work/ThinkPHP/Lib/Behavior/ContentReplaceBehavior.class.php 第 47 行.
INFO: ContentReplace Behavior ::run [ RunTime:0.000157s ]
INFO: TokenBuild Behavior ::run [ RunTime:0.000125s ]
INFO: WriteHtmlCache Behavior ::run [ RunTime:0.000077s ]
INFO: ShowRuntime Behavior ::run [ RunTime:0.000158s ]
INFO: [ view_filter ] --END-- [ RunTime:0.000601s ]
INFO: [ view_end ] --START--
INFO: ShowPageTrace Behavior ::run [ RunTime:0.000219s ]
INFO: [ view_end ] --END-- [ RunTime:0.000249s ]

[ 2013-08-01T16:43:51+08:00 ] 10.96.60.82 /work/index.php?/Test/test
INFO: [ app_begin ] --START--
INFO: ReadHtmlCache Behavior ::run [ RunTime:0.000384s ]
INFO: [ app_begin ] --END-- [ RunTime:0.000460s ]
INFO: [ view_parse ] --START--
INFO: ParseTemplate Behavior ::run [ RunTime:0.000578s ]
INFO: [ view_parse ] --END-- [ RunTime:0.000646s ]
INFO: [ view_filter ] --START--
NOTIC: [8] Use of undefined constant APP_TMPL_PATH - assumed 'APP_TMPL_PATH' /home/wwwroot/default/work/ThinkPHP/Lib/Behavior/ContentReplaceBehavior.class.php 第 40 行.
NOTIC: [8] Use of undefined constant APP_TMPL_PATH - assumed 'APP_TMPL_PATH' /home/wwwroot/default/work/ThinkPHP/Lib/Behavior/ContentReplaceBehavior.class.php 第 47 行.
INFO: ContentReplace Behavior ::run [ RunTime:0.000286s ]
INFO: TokenBuild Behavior ::run [ RunTime:0.000250s ]
INFO: WriteHtmlCache Behavior ::run [ RunTime:0.000157s ]
INFO: ShowRuntime Behavior ::run [ RunTime:0.000314s ]
INFO: [ view_filter ] --END-- [ RunTime:0.001175s ]
INFO: [ view_end ] --START--
INFO: ShowPageTrace Behavior ::run [ RunTime:0.000430s ]
INFO: [ view_end ] --END-- [ RunTime:0.000488s ]

[ 2013-08-01T16:44:59+08:00 ] 10.96.60.82 /work/index.php?/Test/tedgd
INFO: [ app_begin ] --START--
INFO: ReadHtmlCache Behavior ::run [ RunTime:0.000385s ]
INFO: [ app_begin ] --END-- [ RunTime:0.000464s ]
INFO: [ view_parse ] --START--
INFO: ParseTemplate Behavior ::run [ RunTime:0.000542s ]
INFO: [ view_parse ] --END-- [ RunTime:0.000610s ]
INFO: [ view_filter ] --START--
NOTIC: [8] Use of undefined constant APP_TMPL_PATH - assumed 'APP_TMPL_PATH' /home/wwwroot/default/work/ThinkPHP/Lib/Behavior/ContentReplaceBehavior.class.php 第 40 行.
NOTIC: [8] Use of undefined constant APP_TMPL_PATH - assumed 'APP_TMPL_PATH' /home/wwwroot/default/work/ThinkPHP/Lib/Behavior/ContentReplaceBehavior.class.php 第 47 行.
INFO: ContentReplace Behavior ::run [ RunTime:0.000280s ]
INFO: TokenBuild Behavior ::run [ RunTime:0.000243s ]
INFO: WriteHtmlCache Behavior ::run [ RunTime:0.000155s ]
INFO: ShowRuntime Behavior ::run [ RunTime:0.000312s ]
INFO: [ view_filter ] --END-- [ RunTime:0.001155s ]
INFO: [ view_end ] --START--
INFO: ShowPageTrace Behavior ::run [ RunTime:0.000425s ]
INFO: [ view_end ] --END-- [ RunTime:0.000483s ]

[ 2013-08-01T16:45:03+08:00 ] 10.96.60.82 /work/index.php?/dgfhnfg
INFO: [ app_begin ] --START--
INFO: ReadHtmlCache Behavior ::run [ RunTime:0.000380s ]
INFO: [ app_begin ] --END-- [ RunTime:0.000457s ]
INFO: [ view_parse ] --START--
INFO: ParseTemplate Behavior ::run [ RunTime:0.000548s ]
INFO: [ view_parse ] --END-- [ RunTime:0.000616s ]
INFO: [ view_filter ] --START--
NOTIC: [8] Use of undefined constant APP_TMPL_PATH - assumed 'APP_TMPL_PATH' /home/wwwroot/default/work/ThinkPHP/Lib/Behavior/ContentReplaceBehavior.class.php 第 40 行.
NOTIC: [8] Use of undefined constant APP_TMPL_PATH - assumed 'APP_TMPL_PATH' /home/wwwroot/default/work/ThinkPHP/Lib/Behavior/ContentReplaceBehavior.class.php 第 47 行.
INFO: ContentReplace Behavior ::run [ RunTime:0.000280s ]
INFO: TokenBuild Behavior ::run [ RunTime:0.000245s ]
INFO: WriteHtmlCache Behavior ::run [ RunTime:0.000152s ]
INFO: ShowRuntime Behavior ::run [ RunTime:0.000272s ]
INFO: [ view_filter ] --END-- [ RunTime:0.001096s ]
INFO: [ view_end ] --START--
INFO: ShowPageTrace Behavior ::run [ RunTime:0.000187s ]
INFO: [ view_end ] --END-- [ RunTime:0.000212s ]

[ 2013-08-01T16:45:10+08:00 ] 10.96.60.82 /work/index.php?/dgbfhngfnhg
INFO: [ app_begin ] --START--
INFO: ReadHtmlCache Behavior ::run [ RunTime:0.000383s ]
INFO: [ app_begin ] --END-- [ RunTime:0.000461s ]
INFO: [ view_parse ] --START--
INFO: ParseTemplate Behavior ::run [ RunTime:0.000551s ]
INFO: [ view_parse ] --END-- [ RunTime:0.000619s ]
INFO: [ view_filter ] --START--
NOTIC: [8] Use of undefined constant APP_TMPL_PATH - assumed 'APP_TMPL_PATH' /home/wwwroot/default/work/ThinkPHP/Lib/Behavior/ContentReplaceBehavior.class.php 第 40 行.
NOTIC: [8] Use of undefined constant APP_TMPL_PATH - assumed 'APP_TMPL_PATH' /home/wwwroot/default/work/ThinkPHP/Lib/Behavior/ContentReplaceBehavior.class.php 第 47 行.
INFO: ContentReplace Behavior ::run [ RunTime:0.000307s ]
INFO: TokenBuild Behavior ::run [ RunTime:0.000250s ]
INFO: WriteHtmlCache Behavior ::run [ RunTime:0.000156s ]
INFO: ShowRuntime Behavior ::run [ RunTime:0.000314s ]
INFO: [ view_filter ] --END-- [ RunTime:0.001194s ]
INFO: [ view_end ] --START--
INFO: ShowPageTrace Behavior ::run [ RunTime:0.000430s ]
INFO: [ view_end ] --END-- [ RunTime:0.000488s ]

[ 2013-08-01T17:01:14+08:00 ] 10.96.60.82 /work/?s=/.Index.index
INFO: [ route_check ] --START--
INFO: CheckRoute Behavior ::run [ RunTime:0.000634s ]
INFO: [ route_check ] --END-- [ RunTime:0.000715s ]
INFO: [ app_begin ] --START--
INFO: ReadHtmlCache Behavior ::run [ RunTime:0.000379s ]
INFO: [ app_begin ] --END-- [ RunTime:0.000442s ]
NOTIC: [8] Undefined variable: group /home/wwwroot/default/work/ThinkPHP/Lib/Core/App.class.php 第 95 行.
ERR: 无法加载模块:.Index.index

[ 2013-08-01T17:01:44+08:00 ] 10.96.60.82 /work/?s=/Index/index
INFO: [ route_check ] --START--
INFO: CheckRoute Behavior ::run [ RunTime:0.000589s ]
INFO: [ route_check ] --END-- [ RunTime:0.000672s ]
INFO: [ app_begin ] --START--
INFO: ReadHtmlCache Behavior ::run [ RunTime:0.000377s ]
INFO: [ app_begin ] --END-- [ RunTime:0.000440s ]
INFO: [ view_parse ] --START--
INFO: ParseTemplate Behavior ::run [ RunTime:0.000552s ]
INFO: [ view_parse ] --END-- [ RunTime:0.000622s ]
INFO: [ view_filter ] --START--
NOTIC: [8] Use of undefined constant APP_TMPL_PATH - assumed 'APP_TMPL_PATH' /home/wwwroot/default/work/ThinkPHP/Lib/Behavior/ContentReplaceBehavior.class.php 第 40 行.
NOTIC: [8] Use of undefined constant APP_TMPL_PATH - assumed 'APP_TMPL_PATH' /home/wwwroot/default/work/ThinkPHP/Lib/Behavior/ContentReplaceBehavior.class.php 第 47 行.
INFO: ContentReplace Behavior ::run [ RunTime:0.000279s ]
INFO: TokenBuild Behavior ::run [ RunTime:0.000249s ]
INFO: WriteHtmlCache Behavior ::run [ RunTime:0.000176s ]
INFO: ShowRuntime Behavior ::run [ RunTime:0.000307s ]
INFO: [ view_filter ] --END-- [ RunTime:0.001177s ]
INFO: [ view_end ] --START--
INFO: ShowPageTrace Behavior ::run [ RunTime:0.000426s ]
INFO: [ view_end ] --END-- [ RunTime:0.000484s ]

[ 2013-08-01T17:26:13+08:00 ] 10.96.60.82 /work/?s=/Index/index
INFO: [ route_check ] --START--
INFO: CheckRoute Behavior ::run [ RunTime:0.000601s ]
INFO: [ route_check ] --END-- [ RunTime:0.000702s ]
INFO: [ app_begin ] --START--
INFO: ReadHtmlCache Behavior ::run [ RunTime:0.000381s ]
INFO: [ app_begin ] --END-- [ RunTime:0.000446s ]
INFO: [ view_parse ] --START--
INFO: ParseTemplate Behavior ::run [ RunTime:0.000555s ]
INFO: [ view_parse ] --END-- [ RunTime:0.000625s ]
INFO: [ view_filter ] --START--
NOTIC: [8] Use of undefined constant APP_TMPL_PATH - assumed 'APP_TMPL_PATH' /home/wwwroot/default/work/ThinkPHP/Lib/Behavior/ContentReplaceBehavior.class.php 第 40 行.
NOTIC: [8] Use of undefined constant APP_TMPL_PATH - assumed 'APP_TMPL_PATH' /home/wwwroot/default/work/ThinkPHP/Lib/Behavior/ContentReplaceBehavior.class.php 第 47 行.
INFO: ContentReplace Behavior ::run [ RunTime:0.000281s ]
INFO: TokenBuild Behavior ::run [ RunTime:0.000255s ]
INFO: WriteHtmlCache Behavior ::run [ RunTime:0.000156s ]
INFO: ShowRuntime Behavior ::run [ RunTime:0.000305s ]
INFO: [ view_filter ] --END-- [ RunTime:0.001160s ]
INFO: [ view_end ] --START--
INFO: ShowPageTrace Behavior ::run [ RunTime:0.000437s ]
INFO: [ view_end ] --END-- [ RunTime:0.000495s ]

[ 2013-08-01T17:26:31+08:00 ] 10.96.60.82 /work/
INFO: [ app_begin ] --START--
INFO: ReadHtmlCache Behavior ::run [ RunTime:0.000383s ]
INFO: [ app_begin ] --END-- [ RunTime:0.000461s ]
INFO: [ view_parse ] --START--
INFO: ParseTemplate Behavior ::run [ RunTime:0.000549s ]
INFO: [ view_parse ] --END-- [ RunTime:0.000617s ]
INFO: [ view_filter ] --START--
NOTIC: [8] Use of undefined constant APP_TMPL_PATH - assumed 'APP_TMPL_PATH' /home/wwwroot/default/work/ThinkPHP/Lib/Behavior/ContentReplaceBehavior.class.php 第 40 行.
NOTIC: [8] Use of undefined constant APP_TMPL_PATH - assumed 'APP_TMPL_PATH' /home/wwwroot/default/work/ThinkPHP/Lib/Behavior/ContentReplaceBehavior.class.php 第 47 行.
INFO: ContentReplace Behavior ::run [ RunTime:0.000286s ]
INFO: TokenBuild Behavior ::run [ RunTime:0.000245s ]
INFO: WriteHtmlCache Behavior ::run [ RunTime:0.000155s ]
INFO: ShowRuntime Behavior ::run [ RunTime:0.000309s ]
INFO: [ view_filter ] --END-- [ RunTime:0.001166s ]
INFO: [ view_end ] --START--
INFO: ShowPageTrace Behavior ::run [ RunTime:0.000446s ]
INFO: [ view_end ] --END-- [ RunTime:0.000504s ]

[ 2013-08-01T17:26:53+08:00 ] 10.96.60.82 /work/?/index.php/Index/index
INFO: [ app_begin ] --START--
INFO: ReadHtmlCache Behavior ::run [ RunTime:0.000383s ]
INFO: [ app_begin ] --END-- [ RunTime:0.000463s ]
INFO: [ view_parse ] --START--
INFO: ParseTemplate Behavior ::run [ RunTime:0.000551s ]
INFO: [ view_parse ] --END-- [ RunTime:0.000618s ]
INFO: [ view_filter ] --START--
NOTIC: [8] Use of undefined constant APP_TMPL_PATH - assumed 'APP_TMPL_PATH' /home/wwwroot/default/work/ThinkPHP/Lib/Behavior/ContentReplaceBehavior.class.php 第 40 行.
NOTIC: [8] Use of undefined constant APP_TMPL_PATH - assumed 'APP_TMPL_PATH' /home/wwwroot/default/work/ThinkPHP/Lib/Behavior/ContentReplaceBehavior.class.php 第 47 行.
INFO: ContentReplace Behavior ::run [ RunTime:0.000288s ]
INFO: TokenBuild Behavior ::run [ RunTime:0.000248s ]
INFO: WriteHtmlCache Behavior ::run [ RunTime:0.000154s ]
INFO: ShowRuntime Behavior ::run [ RunTime:0.000310s ]
INFO: [ view_filter ] --END-- [ RunTime:0.001174s ]
INFO: [ view_end ] --START--
INFO: ShowPageTrace Behavior ::run [ RunTime:0.000425s ]
INFO: [ view_end ] --END-- [ RunTime:0.000512s ]

[ 2013-08-01T17:32:57+08:00 ] 10.96.60.82 /work/index.php
INFO: [ app_begin ] --START--
INFO: ReadHtmlCache Behavior ::run [ RunTime:0.000385s ]
INFO: [ app_begin ] --END-- [ RunTime:0.000463s ]
INFO: [ view_parse ] --START--
INFO: ParseTemplate Behavior ::run [ RunTime:0.000549s ]
INFO: [ view_parse ] --END-- [ RunTime:0.000616s ]
INFO: [ view_filter ] --START--
NOTIC: [8] Use of undefined constant APP_TMPL_PATH - assumed 'APP_TMPL_PATH' /home/wwwroot/default/work/ThinkPHP/Lib/Behavior/ContentReplaceBehavior.class.php 第 40 行.
NOTIC: [8] Use of undefined constant APP_TMPL_PATH - assumed 'APP_TMPL_PATH' /home/wwwroot/default/work/ThinkPHP/Lib/Behavior/ContentReplaceBehavior.class.php 第 47 行.
INFO: ContentReplace Behavior ::run [ RunTime:0.000288s ]
INFO: TokenBuild Behavior ::run [ RunTime:0.000255s ]
INFO: WriteHtmlCache Behavior ::run [ RunTime:0.000070s ]
INFO: ShowRuntime Behavior ::run [ RunTime:0.000147s ]
INFO: [ view_filter ] --END-- [ RunTime:0.000868s ]
INFO: [ view_end ] --START--
INFO: ShowPageTrace Behavior ::run [ RunTime:0.000192s ]
INFO: [ view_end ] --END-- [ RunTime:0.000217s ]

[ 2013-08-01T17:33:05+08:00 ] 10.96.60.82 /work/?/Test/test
INFO: [ app_begin ] --START--
INFO: ReadHtmlCache Behavior ::run [ RunTime:0.000384s ]
INFO: [ app_begin ] --END-- [ RunTime:0.000463s ]
INFO: [ view_parse ] --START--
INFO: ParseTemplate Behavior ::run [ RunTime:0.000550s ]
INFO: [ view_parse ] --END-- [ RunTime:0.000618s ]
INFO: [ view_filter ] --START--
NOTIC: [8] Use of undefined constant APP_TMPL_PATH - assumed 'APP_TMPL_PATH' /home/wwwroot/default/work/ThinkPHP/Lib/Behavior/ContentReplaceBehavior.class.php 第 40 行.
NOTIC: [8] Use of undefined constant APP_TMPL_PATH - assumed 'APP_TMPL_PATH' /home/wwwroot/default/work/ThinkPHP/Lib/Behavior/ContentReplaceBehavior.class.php 第 47 行.
INFO: ContentReplace Behavior ::run [ RunTime:0.000284s ]
INFO: TokenBuild Behavior ::run [ RunTime:0.000245s ]
INFO: WriteHtmlCache Behavior ::run [ RunTime:0.000153s ]
INFO: ShowRuntime Behavior ::run [ RunTime:0.000312s ]
INFO: [ view_filter ] --END-- [ RunTime:0.001159s ]
INFO: [ view_end ] --START--
INFO: ShowPageTrace Behavior ::run [ RunTime:0.000425s ]
INFO: [ view_end ] --END-- [ RunTime:0.000483s ]

[ 2013-08-01T17:33:20+08:00 ] 10.96.60.82 /work/?s=/Test/test
INFO: [ route_check ] --START--
INFO: CheckRoute Behavior ::run [ RunTime:0.000602s ]
INFO: [ route_check ] --END-- [ RunTime:0.000682s ]
INFO: [ app_begin ] --START--
INFO: ReadHtmlCache Behavior ::run [ RunTime:0.000380s ]
INFO: [ app_begin ] --END-- [ RunTime:0.000445s ]
ERR: 模板不存在[../work/Tpl/Test/test.html]

[ 2013-08-01T18:19:35+08:00 ] 127.0.0.1 /work/Index/index
INFO: [ route_check ] --START--
INFO: CheckRoute Behavior ::run [ RunTime:0.000603s ]
INFO: [ route_check ] --END-- [ RunTime:0.000686s ]
INFO: [ app_begin ] --START--
INFO: ReadHtmlCache Behavior ::run [ RunTime:0.000381s ]
INFO: [ app_begin ] --END-- [ RunTime:0.000446s ]
INFO: [ view_parse ] --START--
INFO: ParseTemplate Behavior ::run [ RunTime:0.000561s ]
INFO: [ view_parse ] --END-- [ RunTime:0.000631s ]
INFO: [ view_filter ] --START--
NOTIC: [8] Use of undefined constant APP_TMPL_PATH - assumed 'APP_TMPL_PATH' /home/wwwroot/default/work/ThinkPHP/Lib/Behavior/ContentReplaceBehavior.class.php 第 40 行.
NOTIC: [8] Use of undefined constant APP_TMPL_PATH - assumed 'APP_TMPL_PATH' /home/wwwroot/default/work/ThinkPHP/Lib/Behavior/ContentReplaceBehavior.class.php 第 47 行.
INFO: ContentReplace Behavior ::run [ RunTime:0.000287s ]
INFO: TokenBuild Behavior ::run [ RunTime:0.000279s ]
INFO: WriteHtmlCache Behavior ::run [ RunTime:0.000160s ]
INFO: ShowRuntime Behavior ::run [ RunTime:0.000308s ]
INFO: [ view_filter ] --END-- [ RunTime:0.001197s ]
INFO: [ view_end ] --START--
INFO: ShowPageTrace Behavior ::run [ RunTime:0.000430s ]
INFO: [ view_end ] --END-- [ RunTime:0.000488s ]

[ 2013-08-01T18:19:36+08:00 ] 127.0.0.1 /work/Index/index
INFO: [ route_check ] --START--
INFO: CheckRoute Behavior ::run [ RunTime:0.000621s ]
INFO: [ route_check ] --END-- [ RunTime:0.000704s ]
INFO: [ app_begin ] --START--
INFO: ReadHtmlCache Behavior ::run [ RunTime:0.000379s ]
INFO: [ app_begin ] --END-- [ RunTime:0.000444s ]
INFO: [ view_parse ] --START--
INFO: ParseTemplate Behavior ::run [ RunTime:0.000554s ]
INFO: [ view_parse ] --END-- [ RunTime:0.000625s ]
INFO: [ view_filter ] --START--
NOTIC: [8] Use of undefined constant APP_TMPL_PATH - assumed 'APP_TMPL_PATH' /home/wwwroot/default/work/ThinkPHP/Lib/Behavior/ContentReplaceBehavior.class.php 第 40 行.
NOTIC: [8] Use of undefined constant APP_TMPL_PATH - assumed 'APP_TMPL_PATH' /home/wwwroot/default/work/ThinkPHP/Lib/Behavior/ContentReplaceBehavior.class.php 第 47 行.
INFO: ContentReplace Behavior ::run [ RunTime:0.000282s ]
INFO: TokenBuild Behavior ::run [ RunTime:0.000249s ]
INFO: WriteHtmlCache Behavior ::run [ RunTime:0.000153s ]
INFO: ShowRuntime Behavior ::run [ RunTime:0.000306s ]
INFO: [ view_filter ] --END-- [ RunTime:0.001156s ]
INFO: [ view_end ] --START--
INFO: ShowPageTrace Behavior ::run [ RunTime:0.000426s ]
INFO: [ view_end ] --END-- [ RunTime:0.000484s ]

[ 2013-08-01T18:19:43+08:00 ] 127.0.0.1 /work/Test/test
INFO: [ route_check ] --START--
INFO: CheckRoute Behavior ::run [ RunTime:0.000316s ]
INFO: [ route_check ] --END-- [ RunTime:0.000373s ]
INFO: [ app_begin ] --START--
INFO: ReadHtmlCache Behavior ::run [ RunTime:0.000222s ]
INFO: [ app_begin ] --END-- [ RunTime:0.000259s ]
ERR: 模板不存在[../work/Tpl/Test/test.html]

[ 2013-08-01T18:23:13+08:00 ] 127.0.0.1 /work/Test/test
INFO: [ route_check ] --START--
INFO: CheckRoute Behavior ::run [ RunTime:0.000577s ]
INFO: [ route_check ] --END-- [ RunTime:0.000642s ]
INFO: [ app_begin ] --START--
INFO: ReadHtmlCache Behavior ::run [ RunTime:0.000196s ]
INFO: [ app_begin ] --END-- [ RunTime:0.000232s ]
INFO: [ view_parse ] --START--
NOTIC: [8] Undefined variable: i /home/wwwroot/default/work/Runtime/Cache/b0f2ee9d74e20fbb482023da54e78ec1.php 第 7 行.
INFO: ParseTemplate Behavior ::run [ RunTime:0.002619s ]
INFO: [ view_parse ] --END-- [ RunTime:0.002656s ]
INFO: [ view_filter ] --START--
INFO: ContentReplace Behavior ::run [ RunTime:0.000117s ]
INFO: TokenBuild Behavior ::run [ RunTime:0.000123s ]
INFO: WriteHtmlCache Behavior ::run [ RunTime:0.000077s ]
INFO: ShowRuntime Behavior ::run [ RunTime:0.000148s ]
INFO: [ view_filter ] --END-- [ RunTime:0.000549s ]
INFO: [ view_end ] --START--
INFO: ShowPageTrace Behavior ::run [ RunTime:0.000214s ]
INFO: [ view_end ] --END-- [ RunTime:0.000245s ]

[ 2013-08-01T18:23:55+08:00 ] 127.0.0.1 /work/Test/test
INFO: [ route_check ] --START--
INFO: CheckRoute Behavior ::run [ RunTime:0.000299s ]
INFO: [ route_check ] --END-- [ RunTime:0.000351s ]
INFO: [ app_begin ] --START--
INFO: ReadHtmlCache Behavior ::run [ RunTime:0.000182s ]
INFO: [ app_begin ] --END-- [ RunTime:0.000214s ]
ERR: 无法加载模块:Test

[ 2013-08-01T18:23:57+08:00 ] 127.0.0.1 /work/Test/test
INFO: [ route_check ] --START--
INFO: CheckRoute Behavior ::run [ RunTime:0.000502s ]
INFO: [ route_check ] --END-- [ RunTime:0.000568s ]
INFO: [ app_begin ] --START--
INFO: ReadHtmlCache Behavior ::run [ RunTime:0.000169s ]
INFO: [ app_begin ] --END-- [ RunTime:0.000198s ]
ERR: 无法加载模块:Test

[ 2013-08-01T18:23:58+08:00 ] 127.0.0.1 /work/Test/test
INFO: [ route_check ] --START--
INFO: CheckRoute Behavior ::run [ RunTime:0.000607s ]
INFO: [ route_check ] --END-- [ RunTime:0.000695s ]
INFO: [ app_begin ] --START--
INFO: ReadHtmlCache Behavior ::run [ RunTime:0.000381s ]
INFO: [ app_begin ] --END-- [ RunTime:0.000446s ]
ERR: 无法加载模块:Test

[ 2013-08-01T18:25:13+08:00 ] 127.0.0.1 /work/Test/test
INFO: [ route_check ] --START--
INFO: CheckRoute Behavior ::run [ RunTime:0.000602s ]
INFO: [ route_check ] --END-- [ RunTime:0.000691s ]
INFO: [ app_begin ] --START--
INFO: ReadHtmlCache Behavior ::run [ RunTime:0.000380s ]
INFO: [ app_begin ] --END-- [ RunTime:0.000444s ]
ERR: 无法加载模块:Test

[ 2013-08-01T18:25:14+08:00 ] 127.0.0.1 /work/Test/test
INFO: [ route_check ] --START--
INFO: CheckRoute Behavior ::run [ RunTime:0.000608s ]
INFO: [ route_check ] --END-- [ RunTime:0.000696s ]
INFO: [ app_begin ] --START--
INFO: ReadHtmlCache Behavior ::run [ RunTime:0.000380s ]
INFO: [ app_begin ] --END-- [ RunTime:0.000444s ]
ERR: 无法加载模块:Test

[ 2013-08-01T18:25:14+08:00 ] 127.0.0.1 /work/Test/test
INFO: [ route_check ] --START--
INFO: CheckRoute Behavior ::run [ RunTime:0.000604s ]
INFO: [ route_check ] --END-- [ RunTime:0.000695s ]
INFO: [ app_begin ] --START--
INFO: ReadHtmlCache Behavior ::run [ RunTime:0.000379s ]
INFO: [ app_begin ] --END-- [ RunTime:0.000443s ]
ERR: 无法加载模块:Test

[ 2013-08-01T18:26:26+08:00 ] 127.0.0.1 /work/Test/test
INFO: [ route_check ] --START--
INFO: CheckRoute Behavior ::run [ RunTime:0.000598s ]
INFO: [ route_check ] --END-- [ RunTime:0.000688s ]
INFO: [ app_begin ] --START--
INFO: ReadHtmlCache Behavior ::run [ RunTime:0.000189s ]
INFO: [ app_begin ] --END-- [ RunTime:0.000235s ]
INFO: [ view_parse ] --START--
NOTIC: [8] Undefined variable: i /home/wwwroot/default/work/Runtime/Cache/b0f2ee9d74e20fbb482023da54e78ec1.php 第 7 行.
INFO: ParseTemplate Behavior ::run [ RunTime:0.002919s ]
INFO: [ view_parse ] --END-- [ RunTime:0.002972s ]
INFO: [ view_filter ] --START--
INFO: ContentReplace Behavior ::run [ RunTime:0.000119s ]
INFO: TokenBuild Behavior ::run [ RunTime:0.000125s ]
INFO: WriteHtmlCache Behavior ::run [ RunTime:0.000077s ]
INFO: ShowRuntime Behavior ::run [ RunTime:0.000148s ]
INFO: [ view_filter ] --END-- [ RunTime:0.000550s ]
INFO: [ view_end ] --START--
INFO: ShowPageTrace Behavior ::run [ RunTime:0.000213s ]
INFO: [ view_end ] --END-- [ RunTime:0.000242s ]

[ 2013-08-01T18:26:26+08:00 ] 127.0.0.1 /work/Test/test
INFO: [ route_check ] --START--
INFO: CheckRoute Behavior ::run [ RunTime:0.000602s ]
INFO: [ route_check ] --END-- [ RunTime:0.000686s ]
INFO: [ app_begin ] --START--
INFO: ReadHtmlCache Behavior ::run [ RunTime:0.000378s ]
INFO: [ app_begin ] --END-- [ RunTime:0.000441s ]
INFO: [ view_parse ] --START--
NOTIC: [8] Undefined variable: i /home/wwwroot/default/work/Runtime/Cache/b0f2ee9d74e20fbb482023da54e78ec1.php 第 7 行.
INFO: ParseTemplate Behavior ::run [ RunTime:0.004890s ]
INFO: [ view_parse ] --END-- [ RunTime:0.004966s ]
INFO: [ view_filter ] --START--
INFO: ContentReplace Behavior ::run [ RunTime:0.000247s ]
INFO: TokenBuild Behavior ::run [ RunTime:0.000261s ]
INFO: WriteHtmlCache Behavior ::run [ RunTime:0.000162s ]
INFO: ShowRuntime Behavior ::run [ RunTime:0.000332s ]
INFO: [ view_filter ] --END-- [ RunTime:0.001163s ]
INFO: [ view_end ] --START--
INFO: ShowPageTrace Behavior ::run [ RunTime:0.000350s ]
INFO: [ view_end ] --END-- [ RunTime:0.000384s ]

[ 2013-08-01T18:26:27+08:00 ] 127.0.0.1 /work/Test/test
INFO: [ route_check ] --START--
INFO: CheckRoute Behavior ::run [ RunTime:0.000301s ]
INFO: [ route_check ] --END-- [ RunTime:0.000349s ]
INFO: [ app_begin ] --START--
INFO: ReadHtmlCache Behavior ::run [ RunTime:0.000181s ]
INFO: [ app_begin ] --END-- [ RunTime:0.000211s ]
INFO: [ view_parse ] --START--
NOTIC: [8] Undefined variable: i /home/wwwroot/default/work/Runtime/Cache/b0f2ee9d74e20fbb482023da54e78ec1.php 第 7 行.
INFO: ParseTemplate Behavior ::run [ RunTime:0.002810s ]
INFO: [ view_parse ] --END-- [ RunTime:0.002848s ]
INFO: [ view_filter ] --START--
INFO: ContentReplace Behavior ::run [ RunTime:0.000142s ]
INFO: TokenBuild Behavior ::run [ RunTime:0.000144s ]
INFO: WriteHtmlCache Behavior ::run [ RunTime:0.000077s ]
INFO: ShowRuntime Behavior ::run [ RunTime:0.000151s ]
INFO: [ view_filter ] --END-- [ RunTime:0.000596s ]
INFO: [ view_end ] --START--
INFO: ShowPageTrace Behavior ::run [ RunTime:0.000211s ]
INFO: [ view_end ] --END-- [ RunTime:0.000240s ]

[ 2013-08-01T18:27:06+08:00 ] 127.0.0.1 /work/Test/test
INFO: [ route_check ] --START--
INFO: CheckRoute Behavior ::run [ RunTime:0.000609s ]
INFO: [ route_check ] --END-- [ RunTime:0.000699s ]
INFO: [ app_begin ] --START--
INFO: ReadHtmlCache Behavior ::run [ RunTime:0.000378s ]
INFO: [ app_begin ] --END-- [ RunTime:0.000443s ]
INFO: [ view_parse ] --START--
INFO: ParseTemplate Behavior ::run [ RunTime:0.005614s ]
INFO: [ view_parse ] --END-- [ RunTime:0.005696s ]
INFO: [ view_filter ] --START--
INFO: ContentReplace Behavior ::run [ RunTime:0.000278s ]
INFO: TokenBuild Behavior ::run [ RunTime:0.000149s ]
INFO: WriteHtmlCache Behavior ::run [ RunTime:0.000075s ]
INFO: ShowRuntime Behavior ::run [ RunTime:0.000146s ]
INFO: [ view_filter ] --END-- [ RunTime:0.000768s ]
INFO: [ view_end ] --START--
INFO: ShowPageTrace Behavior ::run [ RunTime:0.000223s ]
INFO: [ view_end ] --END-- [ RunTime:0.000250s ]

[ 2013-08-01T18:30:21+08:00 ] 127.0.0.1 /work/Test/test
INFO: [ route_check ] --START--
INFO: CheckRoute Behavior ::run [ RunTime:0.000595s ]
INFO: [ route_check ] --END-- [ RunTime:0.000677s ]
INFO: [ app_begin ] --START--
INFO: ReadHtmlCache Behavior ::run [ RunTime:0.000376s ]
INFO: [ app_begin ] --END-- [ RunTime:0.000440s ]
INFO: [ view_parse ] --START--
INFO: ParseTemplate Behavior ::run [ RunTime:0.004769s ]
INFO: [ view_parse ] --END-- [ RunTime:0.004830s ]
INFO: [ view_filter ] --START--
INFO: ContentReplace Behavior ::run [ RunTime:0.000121s ]
INFO: TokenBuild Behavior ::run [ RunTime:0.000127s ]
INFO: WriteHtmlCache Behavior ::run [ RunTime:0.000077s ]
INFO: ShowRuntime Behavior ::run [ RunTime:0.000148s ]
INFO: [ view_filter ] --END-- [ RunTime:0.000555s ]
INFO: [ view_end ] --START--
INFO: ShowPageTrace Behavior ::run [ RunTime:0.000208s ]
INFO: [ view_end ] --END-- [ RunTime:0.000236s ]

[ 2013-08-01T18:30:21+08:00 ] 127.0.0.1 /work/Test/test
INFO: [ route_check ] --START--
INFO: CheckRoute Behavior ::run [ RunTime:0.000622s ]
INFO: [ route_check ] --END-- [ RunTime:0.000713s ]
INFO: [ app_begin ] --START--
INFO: ReadHtmlCache Behavior ::run [ RunTime:0.000382s ]
INFO: [ app_begin ] --END-- [ RunTime:0.000447s ]
INFO: [ view_parse ] --START--
INFO: ParseTemplate Behavior ::run [ RunTime:0.003706s ]
INFO: [ view_parse ] --END-- [ RunTime:0.003770s ]
INFO: [ view_filter ] --START--
INFO: ContentReplace Behavior ::run [ RunTime:0.000133s ]
INFO: TokenBuild Behavior ::run [ RunTime:0.000298s ]
INFO: WriteHtmlCache Behavior ::run [ RunTime:0.000078s ]
INFO: ShowRuntime Behavior ::run [ RunTime:0.000149s ]
INFO: [ view_filter ] --END-- [ RunTime:0.000759s ]
INFO: [ view_end ] --START--
INFO: ShowPageTrace Behavior ::run [ RunTime:0.000213s ]
INFO: [ view_end ] --END-- [ RunTime:0.000242s ]

[ 2013-08-01T19:07:02+08:00 ] 10.96.60.82 /work/Test/test
INFO: [ route_check ] --START--
INFO: CheckRoute Behavior ::run [ RunTime:0.000262s ]
INFO: [ route_check ] --END-- [ RunTime:0.000303s ]
INFO: [ app_begin ] --START--
INFO: ReadHtmlCache Behavior ::run [ RunTime:0.000164s ]
INFO: [ app_begin ] --END-- [ RunTime:0.000192s ]
INFO: [ view_parse ] --START--
INFO: ParseTemplate Behavior ::run [ RunTime:0.002137s ]
INFO: [ view_parse ] --END-- [ RunTime:0.002169s ]
INFO: [ view_filter ] --START--
INFO: ContentReplace Behavior ::run [ RunTime:0.000104s ]
INFO: TokenBuild Behavior ::run [ RunTime:0.000128s ]
INFO: WriteHtmlCache Behavior ::run [ RunTime:0.000068s ]
INFO: ShowRuntime Behavior ::run [ RunTime:0.000135s ]
INFO: [ view_filter ] --END-- [ RunTime:0.000508s ]
INFO: [ view_end ] --START--
INFO: ShowPageTrace Behavior ::run [ RunTime:0.000190s ]
INFO: [ view_end ] --END-- [ RunTime:0.000215s ]

